#-----------------------------------------------------------
# Vivado v2016.2 (64-bit)
# SW Build 1577090 on Thu Jun  2 16:32:40 MDT 2016
# IP Build 1577682 on Fri Jun  3 12:00:54 MDT 2016
# Start of session at: Thu Dec 01 18:52:36 2016
# Process ID: 5724
# Current directory: C:/Users/Jacky/FPGA_Space_Invaders
# Command line: vivado.exe -gui_launcher_event rodinguilauncherevent2772 C:\Users\Jacky\FPGA_Space_Invaders\FPGA_Space_Invaders.xpr
# Log file: C:/Users/Jacky/FPGA_Space_Invaders/vivado.log
# Journal file: C:/Users/Jacky/FPGA_Space_Invaders\vivado.jou
#-----------------------------------------------------------
start_gui
open_project C:/Users/Jacky/FPGA_Space_Invaders/FPGA_Space_Invaders.xpr
Scanning sources...
Finished scanning sources
INFO: [IP_Flow 19-234] Refreshing IP repositories
INFO: [IP_Flow 19-1704] No user IP repositories specified
INFO: [IP_Flow 19-2313] Loaded Vivado IP repository 'C:/Xilinx/Vivado/2016.2/data/ip'.
WARNING: [IP_Flow 19-2162] IP 'framebuffer' is locked:
* IP definition 'Block Memory Generator (8.3)' for IP 'framebuffer' has a different revision in the IP Catalog.
Please select 'Report IP Status' from the 'Tools/Report' menu or run Tcl command 'report_ip_status' for more information.
open_project: Time (s): cpu = 00:00:21 ; elapsed = 00:00:08 . Memory (MB): peak = 840.348 ; gain = 163.477
update_compile_order -fileset sources_1
reset_run synth_1
reset_run framebuffer_synth_1
launch_runs impl_1 -to_step write_bitstream -jobs 4
WARNING: [Project 1-576] IP 'C:/Users/Jacky/FPGA_Space_Invaders/FPGA_Space_Invaders.srcs/sources_1/ip/framebuffer/framebuffer.xci' in run framebuffer_synth_1 is locked, no out-of-context (OOC) run will be launched. The run may not be able to complete.
Please select 'Report IP Status' from 'Tools/Report' or run the Tcl command 'report_ip_status' for more information.
[Thu Dec 01 18:53:01 2016] Launched framebuffer_synth_1, synth_1...
Run output will be captured here:
framebuffer_synth_1: C:/Users/Jacky/FPGA_Space_Invaders/FPGA_Space_Invaders.runs/framebuffer_synth_1/runme.log
synth_1: C:/Users/Jacky/FPGA_Space_Invaders/FPGA_Space_Invaders.runs/synth_1/runme.log
[Thu Dec 01 18:53:01 2016] Launched impl_1...
Run output will be captured here: C:/Users/Jacky/FPGA_Space_Invaders/FPGA_Space_Invaders.runs/impl_1/runme.log
exit
INFO: [Common 17-206] Exiting Vivado at Thu Dec 01 18:57:41 2016...
