KCPSM6 Assembler log file for program 'C:\Users\daime\OneDrive\Documents\School\Semester 9\EE 178\SpaceInvaders\FPGA_Space_Invaders\software\software.psm'.
Generated by KCPSM6 version v2.51
Ken Chapman - Xilinx Ltd - 29th May 2013

Assembly datestamp: 09 Dec 2016
Assembly timestamp: 23:07:02

Contents
  Assembly listing
  List of PSM files
  List of CONSTANTs
  List of TABLEs
  List of STRINGs
  List of line labels
  Instruction usage statistics


Last occupied address: 7FF hex
Nominal program memory size: 2K (2048)   address(10:0)
Actual memory size: 4096
  (Default memory size)
Occupied memory locations: 789
Memory locations available: 3307


Assembly listing

 Addr Code                  Instruction

 000                        ;;============================================================================
 000                        ;; File: software.psm
 000                        ;; This is the PicoBlaze example game program for EE178 Lab #8.
 000                        ;; No guarantee this is bug-free but it is a playable example.
 000                        ;;============================================================================
 000                        ;;============================================================================
 000                        ;; Ports and related constants.
 000                        ;;============================================================================
 000                        CONSTANT stax, 00                          ; port for 8-bit start-x
 000                        CONSTANT stay, 01                          ; port for 8-bit start-y
 000                        CONSTANT endx, 02                          ; port for 8-bit end-x
 000                        CONSTANT endy, 03                          ; port for 8-bit end-y
 000                        CONSTANT busy, 04                          ; port for 8-bit busy
 000                        CONSTANT beam, 05                          ; port for 8-bit beam
 000                        CONSTANT mode, 06                          ; port for 8-bit mode
 000                        CONSTANT prng, 07                          ; port for 8-bit prng
 000                        CONSTANT leds_lo, 08                       ; port for 8-bit led data out
 000                        CONSTANT leds_hi, 09                       ; port for 8-bit led data out
 000                        CONSTANT qssd_lo, 0A                       ; port for 8-bit qssd data out
 000                        CONSTANT qssd_hi, 0B                       ; port for 8-bit qssd data out
 000                        CONSTANT qssd_dp, 0C                       ; port for 8-bit qssd data out
 000                        CONSTANT switches_lo, 0D                   ; port for 8-bit switch input
 000                        CONSTANT switches_hi, 0E                   ; port for 8-bit switch input
 000                        CONSTANT buttons, 0F                       ; port for 8-bit button input
 000                        CONSTANT busy_go, 01                       ; go command and busy status
 000                        CONSTANT beam_hi, 0F                       ; beam high intensity
 000                        CONSTANT beam_md, 07                       ; beam med intensity
 000                        CONSTANT beam_lo, 03                       ; beam low intensity
 000                        CONSTANT mode_hld, 00                      ; mode hold framebuffer
 000                        CONSTANT mode_clr, 01                      ; mode clear framebuffer
 000                        CONSTANT mode_lin, 02                      ; mode linear decay
 000                        CONSTANT mode_exp, 03                      ; mode exponential decay
 000                        CONSTANT buttons_ct, 10                    ; center
 000                        CONSTANT buttons_up, 08                    ; up
 000                        CONSTANT buttons_dn, 04                    ; down
 000                        CONSTANT buttons_lf, 02                    ; left
 000                        CONSTANT buttons_rt, 01                    ; right
 000                        ;;============================================================================
 000                        ;; Game state declarations.
 000                        ;;============================================================================
 000                        NAMEREG s0, gs_major
 000                        CONSTANT gs_major_attrone, 00              ; state assignment
 000                        CONSTANT gs_major_attrtwo, 01              ; state assignment
 000                        CONSTANT gs_major_playing, 02              ; state assignment
 000                        CONSTANT gs_major_gameend, 03              ; state assignment
 000                        NAMEREG s1, gs_minor
 000                        CONSTANT gs_minor_begins, 00               ; counter initialize
 000                        CONSTANT gs_minor_twosec, 78               ; frame count about 2.0 secs
 000                        CONSTANT gs_minor_onesec, 3C               ; frame count about 1.0 secs
 000                        CONSTANT gs_minor_getrdy, 1E               ; frame count about 0.5 secs
 000                        NAMEREG s2, gs_ballx
 000                        NAMEREG s3, gs_bally
 000                        NAMEREG s4, gs_balldx
 000                        NAMEREG s5, gs_balldy
 000                        CONSTANT gs_ball_xdim, 08                  ; it's this plus 1
 000                        CONSTANT gs_ball_ydim, 08                  ; it's this plus 1
 000                        CONSTANT gs_ball_speed, 03                 ; pixels per frame
 000                        NAMEREG s6, gs_padlx
 000                        CONSTANT gs_padly, D0                      ; paddle y location
 000                        CONSTANT gs_padl_xdim, 20                  ; it's this plus 1
 000                        CONSTANT gs_padl_ydim, 08                  ; it's this plus 1
 000                        CONSTANT gs_padl_speed, 04                 ; pixels per frame
 000                        ;;============================================================================
 000                        ;; Global variables.
 000                        ;;============================================================================
 000                        NAMEREG s7, resvd1                         ; reserved
 000                        NAMEREG s8, resvd2                         ; reserved
 000                        NAMEREG s9, xpos                           ; for drawing routines
 000                        NAMEREG sA, ypos                           ; for drawing routines
 000                        NAMEREG sB, swlsamp                        ; switch lo sample
 000                        NAMEREG sC, swhsamp                        ; switch hi sample
 000                        NAMEREG sD, btnsamp                        ; button sample
 000                        NAMEREG sE, loopvar                        ; for loops
 000                        NAMEREG sF, scratch                        ; for scratch
 000                        ;;============================================================================
 000                        ;; Other stuff.
 000                        ;;============================================================================
 000                        CONSTANT minusone, FF                      ; minusone
 000                        CONSTANT minusmax, 80                      ; minus 128
 000                        CONSTANT plusmax, 7F                       ; plus 127
 000                        CONSTANT zero, 00                          ; zero
 000                        CONSTANT one, 01                           ; one
 000                        ;;============================================================================
 000                        ;; Boot.
 000                        ;; This performs one-time initialization of the hardware and the game state.
 000                        ;;============================================================================
 000  20008           boot: CALL 008[hw_init]                          ; initial hardware setup
 001  20016                 CALL 016[gs_init]                          ; set initial game state
 002  28001                 ENABLE INTERRUPT                           ; enable vblnk interrupt
 003                        ;;============================================================================
 003                        ;; Main.
 003                        ;; This is an empty loop, does nothing, waiting for interrupts to occur.
 003                        ;;============================================================================
 003  22003           main: JUMP 003[main]                             ; empty loop, does nothing
 004                        ;;============================================================================
 004                        ;; Interrupt.
 004                        ;; This is the main game logic.  At each interrupt, the procedure is to read
 004                        ;; the user input, calculate the next game state, and then draw the game
 004                        ;; state on the display.
 004                        ;;============================================================================
 004  2001E            isr: CALL 01E[user_input]                       ; get the user input
 005  2002A                 CALL 02A[calc_next_gs]                     ; calculate next state
 006  200AB                 CALL 0AB[draw_gs]                          ; draw the state
 007  29001                 RETURNI ENABLE                             ; return with enable
 008                        ;;============================================================================
 008                        ;; Subroutine: hw_init
 008                        ;; This puts the hardware into a known, initial state.  This includes a wait
 008                        ;; to make sure the line drawing harware is idle (a wait loop which is also
 008                        ;; called from other routines, as a subroutine).
 008                        ;;============================================================================
 008  01F00        hw_init: LOAD sF[scratch], 00[zero]                 ; going to use lot of zero
 009  2DF08                 OUTPUT sF[scratch], 08[leds_lo]            ; turn off lo leds
 00A  2DF09                 OUTPUT sF[scratch], 09[leds_hi]            ; turn off hi leds
 00B  2DF0A                 OUTPUT sF[scratch], 0A[qssd_lo]            ; zeroize qssd lo
 00C  2DF0B                 OUTPUT sF[scratch], 0B[qssd_hi]            ; zeroize qssd hi
 00D  2DF0C                 OUTPUT sF[scratch], 0C[qssd_dp]            ; turn off qssd dots
 00E  01F03                 LOAD sF[scratch], 03[mode_exp]             ; load desired mode
 00F  2DF06                 OUTPUT sF[scratch], 06[mode]               ; program the framebuffer
 010  01F0F                 LOAD sF[scratch], 0F[beam_hi]              ; load desired beam
 011  2DF05                 OUTPUT sF[scratch], 05[beam]               ; program the framebuffer
 012  09F04   hw_init_wait: INPUT sF[scratch], 04[busy]                ; get framebuffer busy
 013  1DF01                 COMPARE sF[scratch], 01[busy_go]           ; check framebuffer busy
 014  32012                 JUMP Z, 012[hw_init_wait]                  ; back to wait if busy
 015  25000                 RETURN                                     ; return
 016                        ;;============================================================================
 016                        ;; Subroutine: gs_init
 016                        ;; This puts the game into a known, initial state.  I've assigned all of the
 016                        ;; game state to a known value -- although some of these assignments do not
 016                        ;; really matter based on design of the game state machine.
 016                        ;;============================================================================
 016  01000        gs_init: LOAD s0[gs_major], 00[gs_major_attrone]    ; start in attract mdoe
 017  01100                 LOAD s1[gs_minor], 00[gs_minor_begins]     ; start with counter zero
 018  01200                 LOAD s2[gs_ballx], 00[zero]                ; doesn't really matter
 019  01300                 LOAD s3[gs_bally], 00[zero]                ; doesn't really matter
 01A  01600                 LOAD s6[gs_padlx], 00[zero]                ; doesn't really matter
 01B  01400                 LOAD s4[gs_balldx], 00[zero]               ; doesn't really matter
 01C  01500                 LOAD s5[gs_balldy], 00[zero]               ; doesn't really matter
 01D  25000                 RETURN                                     ; return
 01E                        ;;============================================================================
 01E                        ;; Subroutine: user_input Daimen's Part
 01E                        ;; This samples the user inputs required for this game (which happens to be
 01E                        ;; only the buttons, but this could is extended to the switches as well).
 01E                        ;; This subroutine calls an example of how to use the RAM scratchpad, by
 01E                        ;; implementing access of a 256x8 array using switches, button, and qssd.
 01E                        ;; The call to the ram_example routine (and ram_example routine itself)
 01E                        ;; can be entirely removed as it is not needed in this game.
 01E                        ;;============================================================================
 01E  09D0F     user_input: INPUT sD[btnsamp], 0F[buttons]             ; sample button hardware
 01F  09B0D                 INPUT sB[swlsamp], 0D[switches_lo]         ; sample switch lo hardware
 020  09C0E                 INPUT sC[swhsamp], 0E[switches_hi]         ; sample switch hi hardware
 021  20023                 CALL 023[ram_example]                      ; do the ram example
 022  25000                 RETURN                                     ; return
 023  2DC0B    ram_example: OUTPUT sC[swhsamp], 0B[qssd_hi]            ; display ram address
 024  0AFC0                 FETCH sF[scratch], (sC[swhsamp])           ; read the ram at addr
 025  2DF0A                 OUTPUT sF[scratch], 0A[qssd_lo]            ; display data from ram
 026  0DD04                 TEST sD[btnsamp], 04[buttons_dn]           ; does user want to write
 027  31000                 RETURN Z                                   ; if not then return
 028  2EBC0                 STORE sB[swlsamp], (sC[swhsamp])           ; write the ram at addr
 029  25000                 RETURN                                     ; return
 02A                        ;;============================================================================
 02A                        ;; Subroutine: calc_next_gs
 02A                        ;; This logic calculates the next state of the game, given the sampled user
 02A                        ;; inputs and the current state of the game.
 02A                        ;;============================================================================
 02A  1D000   calc_next_gs: COMPARE s0[gs_major], 00[gs_major_attrone] ; are we in attrone?
 02B  32033                 JUMP Z, 033[calc_attrone]                  ; do ns calc for attrone
 02C  1D001                 COMPARE s0[gs_major], 01[gs_major_attrtwo] ; are we in attrtwo?
 02D  32039                 JUMP Z, 039[calc_attrtwo]                  ; do ns calc for attrtwo
 02E  1D002                 COMPARE s0[gs_major], 02[gs_major_playing] ; are we in playing?
 02F  3203F                 JUMP Z, 03F[calc_playing]                  ; do ns calc for playing
 030  1D003                 COMPARE s0[gs_major], 03[gs_major_gameend] ; are we in gameend?
 031  32082                 JUMP Z, 082[calc_gameend]                  ; do ns calc for gameend
 032  25000                 RETURN                                     ; return
 033  0DD10   calc_attrone: TEST sD[btnsamp], 10[buttons_ct]
 034  3608C                 JUMP NZ, 08C[goto_playing]
 035  1D178                 COMPARE s1[gs_minor], 78[gs_minor_twosec]
 036  32089                 JUMP Z, 089[goto_attrtwo]
 037  11101                 ADD s1[gs_minor], 01[one]
 038  25000                 RETURN 
 039  0DD10   calc_attrtwo: TEST sD[btnsamp], 10[buttons_ct]
 03A  3608C                 JUMP NZ, 08C[goto_playing]
 03B  1D13C                 COMPARE s1[gs_minor], 3C[gs_minor_onesec]
 03C  32086                 JUMP Z, 086[goto_attrone]
 03D  11101                 ADD s1[gs_minor], 01[one]
 03E  25000                 RETURN 
 03F  20049   calc_playing: CALL 049[upd_padl]
 040  1D11E                 COMPARE s1[gs_minor], 1E[gs_minor_getrdy]
 041  3E044                 JUMP NC, 044[goplay]
 042  11101         getrdy: ADD s1[gs_minor], 01[one]
 043  25000                 RETURN 
 044  2005E         goplay: CALL 05E[upd_ball]
 045  1D500                 COMPARE s5[gs_balldy], 00[zero]
 046  1F400                 COMPARECY s4[gs_balldx], 00[zero]
 047  320A8                 JUMP Z, 0A8[goto_gameend]
 048  25000                 RETURN 
 049  01F00       upd_padl: LOAD sF[scratch], 00[zero]
 04A  0DD02                 TEST sD[btnsamp], 02[buttons_lf]
 04B  1BF00                 SUBCY sF[scratch], 00[zero]
 04C  0DD01                 TEST sD[btnsamp], 01[buttons_rt]
 04D  13F00                 ADDCY sF[scratch], 00[zero]
 04E  1DFFF                 COMPARE sF[scratch], FF[minusone]
 04F  30053                 CALL Z, 053[upd_padl_lt]
 050  1DF01                 COMPARE sF[scratch], 01[one]
 051  30057                 CALL Z, 057[upd_padl_rt]
 052  25000                 RETURN 
 053  19604    upd_padl_lt: SUB s6[gs_padlx], 04[gs_padl_speed]
 054  3D000                 RETURN NC
 055  01600                 LOAD s6[gs_padlx], 00[zero]
 056  25000                 RETURN 
 057  11604    upd_padl_rt: ADD s6[gs_padlx], 04[gs_padl_speed]
 058  00F60                 LOAD sF[scratch], s6[gs_padlx]
 059  11F20                 ADD sF[scratch], 20[gs_padl_xdim]
 05A  3D000                 RETURN NC
 05B  016FF                 LOAD s6[gs_padlx], FF[minusone]
 05C  19620                 SUB s6[gs_padlx], 20[gs_padl_xdim]
 05D  25000                 RETURN 
 05E  01E03       upd_ball: LOAD sE[loopvar], 03[gs_ball_speed]
 05F  19E01  upd_ball_loop: SUB sE[loopvar], 01[one]
 060  39000                 RETURN C
 061  10240  upd_ball_step: ADD s2[gs_ballx], s4[gs_balldx]
 062  10350                 ADD s3[gs_bally], s5[gs_balldy]
 063  01FD0  upd_ball_padl: LOAD sF[scratch], D0[gs_padly]
 064  19F08                 SUB sF[scratch], 08[gs_ball_ydim]
 065  1C3F0                 COMPARE s3[gs_bally], sF[scratch]
 066  36070                 JUMP NZ, 070[upd_ball_lw]
 067  00F20                 LOAD sF[scratch], s2[gs_ballx]
 068  11F08                 ADD sF[scratch], 08[gs_ball_xdim]
 069  1CF60                 COMPARE sF[scratch], s6[gs_padlx]
 06A  3A070                 JUMP C, 070[upd_ball_lw]
 06B  00F60                 LOAD sF[scratch], s6[gs_padlx]
 06C  11F20                 ADD sF[scratch], 20[gs_padl_xdim]
 06D  1CF20                 COMPARE sF[scratch], s2[gs_ballx]
 06E  3A070                 JUMP C, 070[upd_ball_lw]
 06F  015FF                 LOAD s5[gs_balldy], FF[minusone]
 070  1D200    upd_ball_lw: COMPARE s2[gs_ballx], 00[zero]
 071  36073                 JUMP NZ, 073[upd_ball_tw]
 072  01401                 LOAD s4[gs_balldx], 01[one]
 073  1D300    upd_ball_tw: COMPARE s3[gs_bally], 00[zero]
 074  36076                 JUMP NZ, 076[upd_ball_rw]
 075  01501                 LOAD s5[gs_balldy], 01[one]
 076  01FFF    upd_ball_rw: LOAD sF[scratch], FF[minusone]
 077  19F08                 SUB sF[scratch], 08[gs_ball_xdim]
 078  1C2F0                 COMPARE s2[gs_ballx], sF[scratch]
 079  3607B                 JUMP NZ, 07B[upd_ball_bw]
 07A  014FF                 LOAD s4[gs_balldx], FF[minusone]
 07B  01FFF    upd_ball_bw: LOAD sF[scratch], FF[minusone]
 07C  19F08                 SUB sF[scratch], 08[gs_ball_ydim]
 07D  1C3F0                 COMPARE s3[gs_bally], sF[scratch]
 07E  36081                 JUMP NZ, 081[upd_ball_done]
 07F  01500                 LOAD s5[gs_balldy], 00[zero]
 080  01400                 LOAD s4[gs_balldx], 00[zero]
 081  2205F  upd_ball_done: JUMP 05F[upd_ball_loop]
 082  1D13C   calc_gameend: COMPARE s1[gs_minor], 3C[gs_minor_onesec]
 083  32086                 JUMP Z, 086[goto_attrone]
 084  11101                 ADD s1[gs_minor], 01[one]
 085  25000                 RETURN 
 086  01000   goto_attrone: LOAD s0[gs_major], 00[gs_major_attrone]
 087  01100                 LOAD s1[gs_minor], 00[gs_minor_begins]
 088  25000                 RETURN 
 089  01001   goto_attrtwo: LOAD s0[gs_major], 01[gs_major_attrtwo]
 08A  01100                 LOAD s1[gs_minor], 00[gs_minor_begins]
 08B  25000                 RETURN 
 08C  01002   goto_playing: LOAD s0[gs_major], 02[gs_major_playing]
 08D  01100                 LOAD s1[gs_minor], 00[gs_minor_begins]
 08E                        ; get a seed for initial ballx
 08E  09207                 INPUT s2[gs_ballx], 07[prng]
 08F                        ; start ball somewhere in the
 08F                        ; horizontal center of screen
 08F  1420A                 SRX s2[gs_ballx]
 090  1420A                 SRX s2[gs_ballx]
 091  1127F                 ADD s2[gs_ballx], 7F[plusmax]
 092                        ; get a seed for initial bally
 092  09307                 INPUT s3[gs_bally], 07[prng]
 093                        ; start ball somewhere in the
 093                        ; vertical center of screen
 093  1430A                 SRX s3[gs_bally]
 094  1430A                 SRX s3[gs_bally]
 095  1137F                 ADD s3[gs_bally], 7F[plusmax]
 096                        ; start paddle at the horizontal
 096                        ; center of the screen
 096  01620                 LOAD s6[gs_padlx], 20[gs_padl_xdim]
 097  1460A                 SRX s6[gs_padlx]
 098  076FF                 XOR s6[gs_padlx], FF[minusone]
 099  11601                 ADD s6[gs_padlx], 01[one]
 09A  11680                 ADD s6[gs_padlx], 80[minusmax]
 09B                        ; initial direction for ballx
 09B                        ; desire to start at +1 or -1
 09B  09407      balldxsta: INPUT s4[gs_balldx], 07[prng]
 09C  0D480                 TEST s4[gs_balldx], 80[minusmax]
 09D  320A0                 JUMP Z, 0A0[balldxpos]
 09E  014FF      balldxneg: LOAD s4[gs_balldx], FF[minusone]
 09F  220A1                 JUMP 0A1[balldysta]
 0A0  01401      balldxpos: LOAD s4[gs_balldx], 01[one]
 0A1                        ; initial direction for bally
 0A1                        ; desire to start at +1 or -1
 0A1  09507      balldysta: INPUT s5[gs_balldy], 07[prng]
 0A2  0D580                 TEST s5[gs_balldy], 80[minusmax]
 0A3  320A6                 JUMP Z, 0A6[balldypos]
 0A4  015FF      balldyneg: LOAD s5[gs_balldy], FF[minusone]
 0A5  220A7                 JUMP 0A7[ballddone]
 0A6  01501      balldypos: LOAD s5[gs_balldy], 01[one]
 0A7  25000      ballddone: RETURN 
 0A8  01003   goto_gameend: LOAD s0[gs_major], 03[gs_major_gameend]
 0A9  01100                 LOAD s1[gs_minor], 00[gs_minor_begins]
 0AA  25000                 RETURN 
 0AB                        ;;============================================================================
 0AB                        ;; Subroutine: draw_gs
 0AB                        ;; This uses the current game state as input, and draws it on the display.
 0AB                        ;; This subroutine calls an example of how to output debug or diagnostic info
 0AB                        ;; using the leds.  The call to the draw_gs_debug routine (and draw_gs_debug
 0AB                        ;; routine itself) can be entirely remove as it is required to play the game.
 0AB                        ;;============================================================================
 0AB  200B5        draw_gs: CALL 0B5[draw_gs_debug]                    ; for debug info display
 0AC  1D000                 COMPARE s0[gs_major], 00[gs_major_attrone] ; are we in attrone?
 0AD  320B8                 JUMP Z, 0B8[draw_attrone]                  ; do drawing for attrone
 0AE  1D001                 COMPARE s0[gs_major], 01[gs_major_attrtwo] ; are we in attrtwo?
 0AF  3216D                 JUMP Z, 16D[draw_attrtwo]                  ; do drawing for attrtwo
 0B0  1D002                 COMPARE s0[gs_major], 02[gs_major_playing] ; are we in playing?
 0B1  322A6                 JUMP Z, 2A6[draw_playing]                  ; do drawing for playing
 0B2  1D003                 COMPARE s0[gs_major], 03[gs_major_gameend] ; are we in gameend?
 0B3  322CD                 JUMP Z, 2CD[draw_gameend]                  ; do drawing for gameend
 0B4  25000                 RETURN                                     ; return
 0B5  2D009  draw_gs_debug: OUTPUT s0[gs_major], 09[leds_hi]           ; debug display on leds
 0B6  2D108                 OUTPUT s1[gs_minor], 08[leds_lo]           ; debug display on leds
 0B7  25000                 RETURN                                     ; return
 0B8  0193A   draw_attrone: LOAD s9[xpos], 3A                          ; draw letter S
 0B9  01A70                 LOAD sA[ypos], 70
 0BA  20307                 CALL 307[moveto]
 0BB  0194E                 LOAD s9[xpos], 4E                          ; 1
 0BC  01A70                 LOAD sA[ypos], 70
 0BD  2030A                 CALL 30A[drawto]
 0BE  0194E                 LOAD s9[xpos], 4E                          ; 2
 0BF  01A74                 LOAD sA[ypos], 74
 0C0  2030A                 CALL 30A[drawto]
 0C1  0193E                 LOAD s9[xpos], 3E                          ; 3
 0C2  01A74                 LOAD sA[ypos], 74
 0C3  2030A                 CALL 30A[drawto]
 0C4  0193E                 LOAD s9[xpos], 3E                          ; 4
 0C5  01A7E                 LOAD sA[ypos], 7E
 0C6  2030A                 CALL 30A[drawto]
 0C7  0194E                 LOAD s9[xpos], 4E                          ; 5
 0C8  01A7E                 LOAD sA[ypos], 7E
 0C9  2030A                 CALL 30A[drawto]
 0CA  0194E                 LOAD s9[xpos], 4E                          ; 6
 0CB  01A90                 LOAD sA[ypos], 90
 0CC  2030A                 CALL 30A[drawto]
 0CD  0193A                 LOAD s9[xpos], 3A                          ; 7
 0CE  01A90                 LOAD sA[ypos], 90
 0CF  2030A                 CALL 30A[drawto]
 0D0  0193A                 LOAD s9[xpos], 3A                          ; 8
 0D1  01A8C                 LOAD sA[ypos], 8C
 0D2  2030A                 CALL 30A[drawto]
 0D3  0194A                 LOAD s9[xpos], 4A                          ; 9
 0D4  01A8C                 LOAD sA[ypos], 8C
 0D5  2030A                 CALL 30A[drawto]
 0D6  0194A                 LOAD s9[xpos], 4A                          ; 10
 0D7  01A82                 LOAD sA[ypos], 82
 0D8  2030A                 CALL 30A[drawto]
 0D9  0193A                 LOAD s9[xpos], 3A                          ; 11
 0DA  01A82                 LOAD sA[ypos], 82
 0DB  2030A                 CALL 30A[drawto]
 0DC  0193A                 LOAD s9[xpos], 3A                          ; 12
 0DD  01A70                 LOAD sA[ypos], 70
 0DE  2030A                 CALL 30A[drawto]
 0DF  01958                 LOAD s9[xpos], 58                          ; draw letter p
 0E0  01A70                 LOAD sA[ypos], 70
 0E1  20307                 CALL 307[moveto]
 0E2  0196C                 LOAD s9[xpos], 6C                          ; 1
 0E3  01A70                 LOAD sA[ypos], 70
 0E4  2030A                 CALL 30A[drawto]
 0E5  0196C                 LOAD s9[xpos], 6C                          ; 2
 0E6  01A80                 LOAD sA[ypos], 80
 0E7  2030A                 CALL 30A[drawto]
 0E8  0195C                 LOAD s9[xpos], 5C                          ; 3
 0E9  01A80                 LOAD sA[ypos], 80
 0EA  2030A                 CALL 30A[drawto]
 0EB  0195C                 LOAD s9[xpos], 5C                          ; 4
 0EC  01A90                 LOAD sA[ypos], 90
 0ED  2030A                 CALL 30A[drawto]
 0EE  01958                 LOAD s9[xpos], 58                          ; 5
 0EF  01A90                 LOAD sA[ypos], 90
 0F0  2030A                 CALL 30A[drawto]
 0F1  01958                 LOAD s9[xpos], 58                          ; 6
 0F2  01A70                 LOAD sA[ypos], 70
 0F3  2030A                 CALL 30A[drawto]
 0F4  0195C                 LOAD s9[xpos], 5C                          ; drawing inside of p
 0F5  01A74                 LOAD sA[ypos], 74
 0F6  20307                 CALL 307[moveto]
 0F7  01969                 LOAD s9[xpos], 69                          ; 7
 0F8  01A74                 LOAD sA[ypos], 74
 0F9  2030A                 CALL 30A[drawto]
 0FA  01969                 LOAD s9[xpos], 69                          ; 8
 0FB  01A7C                 LOAD sA[ypos], 7C
 0FC  2030A                 CALL 30A[drawto]
 0FD  0195C                 LOAD s9[xpos], 5C                          ; 9
 0FE  01A7C                 LOAD sA[ypos], 7C
 0FF  2030A                 CALL 30A[drawto]
 100  0195C                 LOAD s9[xpos], 5C                          ; 10
 101  01A74                 LOAD sA[ypos], 74
 102  2030A                 CALL 30A[drawto]
 103  0197D                 LOAD s9[xpos], 7D                          ; draw letter A
 104  01A70                 LOAD sA[ypos], 70
 105  20307                 CALL 307[moveto]
 106  01982                 LOAD s9[xpos], 82                          ; 1
 107  01A70                 LOAD sA[ypos], 70
 108  2030A                 CALL 30A[drawto]
 109  0198A                 LOAD s9[xpos], 8A                          ; 2
 10A  01A90                 LOAD sA[ypos], 90
 10B  2030A                 CALL 30A[drawto]
 10C  01986                 LOAD s9[xpos], 86                          ; 3
 10D  01A90                 LOAD sA[ypos], 90
 10E  2030A                 CALL 30A[drawto]
 10F  01984                 LOAD s9[xpos], 84                          ; 4
 110  01A83                 LOAD sA[ypos], 83
 111  2030A                 CALL 30A[drawto]
 112  0197C                 LOAD s9[xpos], 7C                          ; 5
 113  01A83                 LOAD sA[ypos], 83
 114  2030A                 CALL 30A[drawto]
 115  0197A                 LOAD s9[xpos], 7A                          ; 6
 116  01A90                 LOAD sA[ypos], 90
 117  2030A                 CALL 30A[drawto]
 118  01976                 LOAD s9[xpos], 76                          ; 7
 119  01A90                 LOAD sA[ypos], 90
 11A  2030A                 CALL 30A[drawto]
 11B  0197D                 LOAD s9[xpos], 7D                          ; 8
 11C  01A70                 LOAD sA[ypos], 70
 11D  2030A                 CALL 30A[drawto]
 11E  0197D                 LOAD s9[xpos], 7D                          ; drawing inside of A
 11F  01A7D                 LOAD sA[ypos], 7D
 120  20307                 CALL 307[moveto]
 121  0197F                 LOAD s9[xpos], 7F                          ; 9
 122  01A73                 LOAD sA[ypos], 73
 123  2030A                 CALL 30A[drawto]
 124  01982                 LOAD s9[xpos], 82                          ; 10
 125  01A7D                 LOAD sA[ypos], 7D
 126  2030A                 CALL 30A[drawto]
 127  0197D                 LOAD s9[xpos], 7D                          ; 11
 128  01A7D                 LOAD sA[ypos], 7D
 129  2030A                 CALL 30A[drawto]
 12A  01994                 LOAD s9[xpos], 94                          ; drawing C
 12B  01A70                 LOAD sA[ypos], 70
 12C  20307                 CALL 307[moveto]
 12D  019A8                 LOAD s9[xpos], A8                          ; 1
 12E  01A70                 LOAD sA[ypos], 70
 12F  2030A                 CALL 30A[drawto]
 130  019A8                 LOAD s9[xpos], A8                          ; 2
 131  01A74                 LOAD sA[ypos], 74
 132  2030A                 CALL 30A[drawto]
 133  01998                 LOAD s9[xpos], 98                          ; 3
 134  01A74                 LOAD sA[ypos], 74
 135  2030A                 CALL 30A[drawto]
 136  01998                 LOAD s9[xpos], 98                          ; 4
 137  01A8C                 LOAD sA[ypos], 8C
 138  2030A                 CALL 30A[drawto]
 139  019A8                 LOAD s9[xpos], A8                          ; 5
 13A  01A8C                 LOAD sA[ypos], 8C
 13B  2030A                 CALL 30A[drawto]
 13C  019A8                 LOAD s9[xpos], A8                          ; 6
 13D  01A90                 LOAD sA[ypos], 90
 13E  2030A                 CALL 30A[drawto]
 13F  01994                 LOAD s9[xpos], 94                          ; 7
 140  01A90                 LOAD sA[ypos], 90
 141  2030A                 CALL 30A[drawto]
 142  01994                 LOAD s9[xpos], 94                          ; 8
 143  01A70                 LOAD sA[ypos], 70
 144  2030A                 CALL 30A[drawto]
 145  019B2                 LOAD s9[xpos], B2                          ; draw E
 146  01A70                 LOAD sA[ypos], 70
 147  20307                 CALL 307[moveto]
 148  019C6                 LOAD s9[xpos], C6                          ; 1
 149  01A70                 LOAD sA[ypos], 70
 14A  2030A                 CALL 30A[drawto]
 14B  019C6                 LOAD s9[xpos], C6                          ; 2
 14C  01A74                 LOAD sA[ypos], 74
 14D  2030A                 CALL 30A[drawto]
 14E  019B6                 LOAD s9[xpos], B6                          ; 3
 14F  01A74                 LOAD sA[ypos], 74
 150  2030A                 CALL 30A[drawto]
 151  019B6                 LOAD s9[xpos], B6                          ; 4
 152  01A7E                 LOAD sA[ypos], 7E
 153  2030A                 CALL 30A[drawto]
 154  019C4                 LOAD s9[xpos], C4                          ; 5
 155  01A7E                 LOAD sA[ypos], 7E
 156  2030A                 CALL 30A[drawto]
 157  019C4                 LOAD s9[xpos], C4                          ; 6
 158  01A82                 LOAD sA[ypos], 82
 159  2030A                 CALL 30A[drawto]
 15A  019B6                 LOAD s9[xpos], B6                          ; 7
 15B  01A82                 LOAD sA[ypos], 82
 15C  2030A                 CALL 30A[drawto]
 15D  019B6                 LOAD s9[xpos], B6                          ; 8
 15E  01A8C                 LOAD sA[ypos], 8C
 15F  2030A                 CALL 30A[drawto]
 160  019C6                 LOAD s9[xpos], C6                          ; 9
 161  01A8C                 LOAD sA[ypos], 8C
 162  2030A                 CALL 30A[drawto]
 163  019C6                 LOAD s9[xpos], C6                          ; 10
 164  01A90                 LOAD sA[ypos], 90
 165  2030A                 CALL 30A[drawto]
 166  019B2                 LOAD s9[xpos], B2                          ; 11
 167  01A90                 LOAD sA[ypos], 90
 168  2030A                 CALL 30A[drawto]
 169  019B2                 LOAD s9[xpos], B2                          ; 12
 16A  01A70                 LOAD sA[ypos], 70
 16B  2030A                 CALL 30A[drawto]
 16C  25000                 RETURN 
 16D  0190D   draw_attrtwo: LOAD s9[xpos], 0D                          ; draw letter I
 16E  01A70                 LOAD sA[ypos], 70
 16F  20307                 CALL 307[moveto]
 170  01921                 LOAD s9[xpos], 21                          ; 1
 171  01A70                 LOAD sA[ypos], 70
 172  2030A                 CALL 30A[drawto]
 173  01921                 LOAD s9[xpos], 21                          ; 2
 174  01A74                 LOAD sA[ypos], 74
 175  2030A                 CALL 30A[drawto]
 176  01919                 LOAD s9[xpos], 19                          ; 3
 177  01A74                 LOAD sA[ypos], 74
 178  2030A                 CALL 30A[drawto]
 179  01919                 LOAD s9[xpos], 19                          ; 4
 17A  01A8C                 LOAD sA[ypos], 8C
 17B  2030A                 CALL 30A[drawto]
 17C  01921                 LOAD s9[xpos], 21                          ; 5
 17D  01A8C                 LOAD sA[ypos], 8C
 17E  2030A                 CALL 30A[drawto]
 17F  01921                 LOAD s9[xpos], 21                          ; 6
 180  01A90                 LOAD sA[ypos], 90
 181  2030A                 CALL 30A[drawto]
 182  0190D                 LOAD s9[xpos], 0D                          ; 7
 183  01A90                 LOAD sA[ypos], 90
 184  2030A                 CALL 30A[drawto]
 185  0190D                 LOAD s9[xpos], 0D                          ; 8
 186  01A8C                 LOAD sA[ypos], 8C
 187  2030A                 CALL 30A[drawto]
 188  01915                 LOAD s9[xpos], 15                          ; 9
 189  01A8C                 LOAD sA[ypos], 8C
 18A  2030A                 CALL 30A[drawto]
 18B  01915                 LOAD s9[xpos], 15                          ; 10
 18C  01A74                 LOAD sA[ypos], 74
 18D  2030A                 CALL 30A[drawto]
 18E  0190D                 LOAD s9[xpos], 0D                          ; 11
 18F  01A74                 LOAD sA[ypos], 74
 190  2030A                 CALL 30A[drawto]
 191  0190D                 LOAD s9[xpos], 0D                          ; 12
 192  01A70                 LOAD sA[ypos], 70
 193  2030A                 CALL 30A[drawto]
 194  0192B                 LOAD s9[xpos], 2B                          ; draw letter N
 195  01A70                 LOAD sA[ypos], 70
 196  20307                 CALL 307[moveto]
 197  01930                 LOAD s9[xpos], 30                          ; 1
 198  01A70                 LOAD sA[ypos], 70
 199  2030A                 CALL 30A[drawto]
 19A  0193B                 LOAD s9[xpos], 3B                          ; 2
 19B  01A8C                 LOAD sA[ypos], 8C
 19C  2030A                 CALL 30A[drawto]
 19D  0193B                 LOAD s9[xpos], 3B                          ; 3
 19E  01A70                 LOAD sA[ypos], 70
 19F  2030A                 CALL 30A[drawto]
 1A0  0193F                 LOAD s9[xpos], 3F                          ; 4
 1A1  01A70                 LOAD sA[ypos], 70
 1A2  2030A                 CALL 30A[drawto]
 1A3  0193F                 LOAD s9[xpos], 3F                          ; 5
 1A4  01A90                 LOAD sA[ypos], 90
 1A5  2030A                 CALL 30A[drawto]
 1A6  0193A                 LOAD s9[xpos], 3A                          ; 6
 1A7  01A90                 LOAD sA[ypos], 90
 1A8  2030A                 CALL 30A[drawto]
 1A9  0192F                 LOAD s9[xpos], 2F                          ; 7
 1AA  01A74                 LOAD sA[ypos], 74
 1AB  2030A                 CALL 30A[drawto]
 1AC  0192F                 LOAD s9[xpos], 2F                          ; 8
 1AD  01A90                 LOAD sA[ypos], 90
 1AE  2030A                 CALL 30A[drawto]
 1AF  0192B                 LOAD s9[xpos], 2B                          ; 9
 1B0  01A90                 LOAD sA[ypos], 90
 1B1  2030A                 CALL 30A[drawto]
 1B2  0192B                 LOAD s9[xpos], 2B                          ; 10
 1B3  01A70                 LOAD sA[ypos], 70
 1B4  2030A                 CALL 30A[drawto]
 1B5  01949                 LOAD s9[xpos], 49                          ; draw letter V
 1B6  01A70                 LOAD sA[ypos], 70
 1B7  20307                 CALL 307[moveto]
 1B8  0194D                 LOAD s9[xpos], 4D                          ; 1
 1B9  01A70                 LOAD sA[ypos], 70
 1BA  2030A                 CALL 30A[drawto]
 1BB  01953                 LOAD s9[xpos], 53                          ; 2
 1BC  01A8C                 LOAD sA[ypos], 8C
 1BD  2030A                 CALL 30A[drawto]
 1BE  01959                 LOAD s9[xpos], 59                          ; 3
 1BF  01A70                 LOAD sA[ypos], 70
 1C0  2030A                 CALL 30A[drawto]
 1C1  0195D                 LOAD s9[xpos], 5D                          ; 4
 1C2  01A70                 LOAD sA[ypos], 70
 1C3  2030A                 CALL 30A[drawto]
 1C4  01955                 LOAD s9[xpos], 55                          ; 5
 1C5  01A90                 LOAD sA[ypos], 90
 1C6  2030A                 CALL 30A[drawto]
 1C7  01951                 LOAD s9[xpos], 51                          ; 6
 1C8  01A90                 LOAD sA[ypos], 90
 1C9  2030A                 CALL 30A[drawto]
 1CA  01949                 LOAD s9[xpos], 49                          ; 7
 1CB  01A70                 LOAD sA[ypos], 70
 1CC  2030A                 CALL 30A[drawto]
 1CD  0196E                 LOAD s9[xpos], 6E                          ; draw letter A
 1CE  01A70                 LOAD sA[ypos], 70
 1CF  20307                 CALL 307[moveto]
 1D0  01973                 LOAD s9[xpos], 73                          ; 1
 1D1  01A70                 LOAD sA[ypos], 70
 1D2  2030A                 CALL 30A[drawto]
 1D3  0197B                 LOAD s9[xpos], 7B                          ; 2
 1D4  01A90                 LOAD sA[ypos], 90
 1D5  2030A                 CALL 30A[drawto]
 1D6  01977                 LOAD s9[xpos], 77                          ; 3
 1D7  01A90                 LOAD sA[ypos], 90
 1D8  2030A                 CALL 30A[drawto]
 1D9  01974                 LOAD s9[xpos], 74                          ; 4
 1DA  01A83                 LOAD sA[ypos], 83
 1DB  2030A                 CALL 30A[drawto]
 1DC  0196D                 LOAD s9[xpos], 6D                          ; 5
 1DD  01A83                 LOAD sA[ypos], 83
 1DE  2030A                 CALL 30A[drawto]
 1DF  0196B                 LOAD s9[xpos], 6B                          ; 6
 1E0  01A90                 LOAD sA[ypos], 90
 1E1  2030A                 CALL 30A[drawto]
 1E2  01967                 LOAD s9[xpos], 67                          ; 7
 1E3  01A90                 LOAD sA[ypos], 90
 1E4  2030A                 CALL 30A[drawto]
 1E5  0196E                 LOAD s9[xpos], 6E                          ; 8
 1E6  01A70                 LOAD sA[ypos], 70
 1E7  2030A                 CALL 30A[drawto]
 1E8  0196E                 LOAD s9[xpos], 6E                          ; inside of A
 1E9  01A7D                 LOAD sA[ypos], 7D
 1EA  20307                 CALL 307[moveto]
 1EB  01971                 LOAD s9[xpos], 71                          ; 9
 1EC  01A73                 LOAD sA[ypos], 73
 1ED  2030A                 CALL 30A[drawto]
 1EE  01973                 LOAD s9[xpos], 73                          ; 10
 1EF  01A7D                 LOAD sA[ypos], 7D
 1F0  2030A                 CALL 30A[drawto]
 1F1  0196E                 LOAD s9[xpos], 6E                          ; 11
 1F2  01A7D                 LOAD sA[ypos], 7D
 1F3  2030A                 CALL 30A[drawto]
 1F4  01985                 LOAD s9[xpos], 85                          ; draw letter D
 1F5  01A70                 LOAD sA[ypos], 70
 1F6  20307                 CALL 307[moveto]
 1F7  0198D                 LOAD s9[xpos], 8D                          ; 1
 1F8  01A70                 LOAD sA[ypos], 70
 1F9  2030A                 CALL 30A[drawto]
 1FA  01991                 LOAD s9[xpos], 91                          ; 2
 1FB  01A74                 LOAD sA[ypos], 74
 1FC  2030A                 CALL 30A[drawto]
 1FD  01999                 LOAD s9[xpos], 99                          ; 4
 1FE  01A7C                 LOAD sA[ypos], 7C
 1FF  2030A                 CALL 30A[drawto]
 200  01999                 LOAD s9[xpos], 99                          ; 5
 201  01A7F                 LOAD sA[ypos], 7F
 202  2030A                 CALL 30A[drawto]
 203  01999                 LOAD s9[xpos], 99                          ; 6
 204  01A82                 LOAD sA[ypos], 82
 205  2030A                 CALL 30A[drawto]
 206  01991                 LOAD s9[xpos], 91                          ; 8
 207  01A8C                 LOAD sA[ypos], 8C
 208  2030A                 CALL 30A[drawto]
 209  0198D                 LOAD s9[xpos], 8D                          ; 9
 20A  01A90                 LOAD sA[ypos], 90
 20B  2030A                 CALL 30A[drawto]
 20C  01985                 LOAD s9[xpos], 85                          ; 10
 20D  01A90                 LOAD sA[ypos], 90
 20E  2030A                 CALL 30A[drawto]
 20F  01985                 LOAD s9[xpos], 85                          ; 11
 210  01A70                 LOAD sA[ypos], 70
 211  2030A                 CALL 30A[drawto]
 212  01989                 LOAD s9[xpos], 89                          ; inside of letter D
 213  01A74                 LOAD sA[ypos], 74
 214  20307                 CALL 307[moveto]
 215  0198D                 LOAD s9[xpos], 8D                          ; 8
 216  01A74                 LOAD sA[ypos], 74
 217  2030A                 CALL 30A[drawto]
 218  01995                 LOAD s9[xpos], 95                          ; 9
 219  01A7C                 LOAD sA[ypos], 7C
 21A  2030A                 CALL 30A[drawto]
 21B  01995                 LOAD s9[xpos], 95                          ; 10
 21C  01A80                 LOAD sA[ypos], 80
 21D  2030A                 CALL 30A[drawto]
 21E  01995                 LOAD s9[xpos], 95                          ; 11
 21F  01A84                 LOAD sA[ypos], 84
 220  2030A                 CALL 30A[drawto]
 221  0198D                 LOAD s9[xpos], 8D                          ; 12
 222  01A8C                 LOAD sA[ypos], 8C
 223  2030A                 CALL 30A[drawto]
 224  01989                 LOAD s9[xpos], 89                          ; 13
 225  01A8C                 LOAD sA[ypos], 8C
 226  2030A                 CALL 30A[drawto]
 227  01989                 LOAD s9[xpos], 89                          ; 14
 228  01A74                 LOAD sA[ypos], 74
 229  2030A                 CALL 30A[drawto]
 22A  019A2                 LOAD s9[xpos], A2                          ; draw letter E
 22B  01A70                 LOAD sA[ypos], 70
 22C  20307                 CALL 307[moveto]
 22D  019B6                 LOAD s9[xpos], B6                          ; 1
 22E  01A70                 LOAD sA[ypos], 70
 22F  2030A                 CALL 30A[drawto]
 230  019B6                 LOAD s9[xpos], B6                          ; 2
 231  01A74                 LOAD sA[ypos], 74
 232  2030A                 CALL 30A[drawto]
 233  019A6                 LOAD s9[xpos], A6                          ; 3
 234  01A74                 LOAD sA[ypos], 74
 235  2030A                 CALL 30A[drawto]
 236  019A6                 LOAD s9[xpos], A6                          ; 4
 237  01A7E                 LOAD sA[ypos], 7E
 238  2030A                 CALL 30A[drawto]
 239  019B4                 LOAD s9[xpos], B4                          ; 5
 23A  01A7E                 LOAD sA[ypos], 7E
 23B  2030A                 CALL 30A[drawto]
 23C  019B4                 LOAD s9[xpos], B4                          ; 6
 23D  01A82                 LOAD sA[ypos], 82
 23E  2030A                 CALL 30A[drawto]
 23F  019A6                 LOAD s9[xpos], A6                          ; 7
 240  01A82                 LOAD sA[ypos], 82
 241  2030A                 CALL 30A[drawto]
 242  019A6                 LOAD s9[xpos], A6                          ; 8
 243  01A8C                 LOAD sA[ypos], 8C
 244  2030A                 CALL 30A[drawto]
 245  019B6                 LOAD s9[xpos], B6                          ; 9
 246  01A8C                 LOAD sA[ypos], 8C
 247  2030A                 CALL 30A[drawto]
 248  019B6                 LOAD s9[xpos], B6                          ; 10
 249  01A90                 LOAD sA[ypos], 90
 24A  2030A                 CALL 30A[drawto]
 24B  019A2                 LOAD s9[xpos], A2                          ; 11
 24C  01A90                 LOAD sA[ypos], 90
 24D  2030A                 CALL 30A[drawto]
 24E  019A2                 LOAD s9[xpos], A2                          ; 12
 24F  01A70                 LOAD sA[ypos], 70
 250  2030A                 CALL 30A[drawto]
 251  019C0                 LOAD s9[xpos], C0                          ; draw R
 252  01A70                 LOAD sA[ypos], 70
 253  20307                 CALL 307[moveto]
 254  019D4                 LOAD s9[xpos], D4                          ; 1
 255  01A70                 LOAD sA[ypos], 70
 256  2030A                 CALL 30A[drawto]
 257  019D4                 LOAD s9[xpos], D4                          ; 2
 258  01A80                 LOAD sA[ypos], 80
 259  2030A                 CALL 30A[drawto]
 25A  019CA                 LOAD s9[xpos], CA                          ; 3
 25B  01A80                 LOAD sA[ypos], 80
 25C  2030A                 CALL 30A[drawto]
 25D  019D4                 LOAD s9[xpos], D4                          ; 4
 25E  01A90                 LOAD sA[ypos], 90
 25F  2030A                 CALL 30A[drawto]
 260  019D0                 LOAD s9[xpos], D0                          ; 5
 261  01A90                 LOAD sA[ypos], 90
 262  2030A                 CALL 30A[drawto]
 263  019C4                 LOAD s9[xpos], C4                          ; 6
 264  01A80                 LOAD sA[ypos], 80
 265  2030A                 CALL 30A[drawto]
 266  019C4                 LOAD s9[xpos], C4                          ; 7
 267  01A90                 LOAD sA[ypos], 90
 268  2030A                 CALL 30A[drawto]
 269  019C0                 LOAD s9[xpos], C0                          ; 8
 26A  01A90                 LOAD sA[ypos], 90
 26B  2030A                 CALL 30A[drawto]
 26C  019C0                 LOAD s9[xpos], C0                          ; 9
 26D  01A70                 LOAD sA[ypos], 70
 26E  2030A                 CALL 30A[drawto]
 26F  019C4                 LOAD s9[xpos], C4                          ; Inside of R
 270  01A74                 LOAD sA[ypos], 74
 271  20307                 CALL 307[moveto]
 272  019D0                 LOAD s9[xpos], D0                          ; 10
 273  01A74                 LOAD sA[ypos], 74
 274  2030A                 CALL 30A[drawto]
 275  019D0                 LOAD s9[xpos], D0                          ; 11
 276  01A7C                 LOAD sA[ypos], 7C
 277  2030A                 CALL 30A[drawto]
 278  019C4                 LOAD s9[xpos], C4                          ; 12
 279  01A7C                 LOAD sA[ypos], 7C
 27A  2030A                 CALL 30A[drawto]
 27B  019C4                 LOAD s9[xpos], C4                          ; 13
 27C  01A74                 LOAD sA[ypos], 74
 27D  2030A                 CALL 30A[drawto]
 27E  019DE                 LOAD s9[xpos], DE                          ; draw S
 27F  01A70                 LOAD sA[ypos], 70
 280  20307                 CALL 307[moveto]
 281  019F2                 LOAD s9[xpos], F2                          ; 1
 282  01A70                 LOAD sA[ypos], 70
 283  2030A                 CALL 30A[drawto]
 284  019F2                 LOAD s9[xpos], F2                          ; 2
 285  01A74                 LOAD sA[ypos], 74
 286  2030A                 CALL 30A[drawto]
 287  019E2                 LOAD s9[xpos], E2                          ; 3
 288  01A74                 LOAD sA[ypos], 74
 289  2030A                 CALL 30A[drawto]
 28A  019E2                 LOAD s9[xpos], E2                          ; 4
 28B  01A7E                 LOAD sA[ypos], 7E
 28C  2030A                 CALL 30A[drawto]
 28D  019F2                 LOAD s9[xpos], F2                          ; 5
 28E  01A7E                 LOAD sA[ypos], 7E
 28F  2030A                 CALL 30A[drawto]
 290  019F2                 LOAD s9[xpos], F2                          ; 6
 291  01A90                 LOAD sA[ypos], 90
 292  2030A                 CALL 30A[drawto]
 293  019DE                 LOAD s9[xpos], DE                          ; 7
 294  01A90                 LOAD sA[ypos], 90
 295  2030A                 CALL 30A[drawto]
 296  019DE                 LOAD s9[xpos], DE                          ; 8
 297  01A8C                 LOAD sA[ypos], 8C
 298  2030A                 CALL 30A[drawto]
 299  019EE                 LOAD s9[xpos], EE                          ; 9
 29A  01A8C                 LOAD sA[ypos], 8C
 29B  2030A                 CALL 30A[drawto]
 29C  019EE                 LOAD s9[xpos], EE                          ; 10
 29D  01A82                 LOAD sA[ypos], 82
 29E  2030A                 CALL 30A[drawto]
 29F  019DE                 LOAD s9[xpos], DE                          ; 11
 2A0  01A82                 LOAD sA[ypos], 82
 2A1  2030A                 CALL 30A[drawto]
 2A2  019DE                 LOAD s9[xpos], DE                          ; 12
 2A3  01A70                 LOAD sA[ypos], 70
 2A4  2030A                 CALL 30A[drawto]
 2A5  25000                 RETURN 
 2A6  00920   draw_playing: LOAD s9[xpos], s2[gs_ballx]                ; draw ball
 2A7  00A30                 LOAD sA[ypos], s3[gs_bally]
 2A8  20307                 CALL 307[moveto]
 2A9  00920                 LOAD s9[xpos], s2[gs_ballx]
 2AA  00A30                 LOAD sA[ypos], s3[gs_bally]
 2AB  11A08                 ADD sA[ypos], 08[gs_ball_ydim]
 2AC  2030A                 CALL 30A[drawto]
 2AD  00920                 LOAD s9[xpos], s2[gs_ballx]
 2AE  00A30                 LOAD sA[ypos], s3[gs_bally]
 2AF  11908                 ADD s9[xpos], 08[gs_ball_xdim]
 2B0  11A08                 ADD sA[ypos], 08[gs_ball_ydim]
 2B1  2030A                 CALL 30A[drawto]
 2B2  00920                 LOAD s9[xpos], s2[gs_ballx]
 2B3  00A30                 LOAD sA[ypos], s3[gs_bally]
 2B4  11908                 ADD s9[xpos], 08[gs_ball_xdim]
 2B5  2030A                 CALL 30A[drawto]
 2B6  00920                 LOAD s9[xpos], s2[gs_ballx]
 2B7  00A30                 LOAD sA[ypos], s3[gs_bally]
 2B8  2030A                 CALL 30A[drawto]
 2B9  00960                 LOAD s9[xpos], s6[gs_padlx]                ; draw padl
 2BA  01AD0                 LOAD sA[ypos], D0[gs_padly]
 2BB  20307                 CALL 307[moveto]
 2BC  00960                 LOAD s9[xpos], s6[gs_padlx]
 2BD  01AD0                 LOAD sA[ypos], D0[gs_padly]
 2BE  11A08                 ADD sA[ypos], 08[gs_padl_ydim]
 2BF  2030A                 CALL 30A[drawto]
 2C0  00960                 LOAD s9[xpos], s6[gs_padlx]
 2C1  01AD0                 LOAD sA[ypos], D0[gs_padly]
 2C2  11920                 ADD s9[xpos], 20[gs_padl_xdim]
 2C3  11A08                 ADD sA[ypos], 08[gs_padl_ydim]
 2C4  2030A                 CALL 30A[drawto]
 2C5  00960                 LOAD s9[xpos], s6[gs_padlx]
 2C6  01AD0                 LOAD sA[ypos], D0[gs_padly]
 2C7  11920                 ADD s9[xpos], 20[gs_padl_xdim]
 2C8  2030A                 CALL 30A[drawto]
 2C9  00960                 LOAD s9[xpos], s6[gs_padlx]
 2CA  01AD0                 LOAD sA[ypos], D0[gs_padly]
 2CB  2030A                 CALL 30A[drawto]
 2CC  25000                 RETURN 
 2CD  01948   draw_gameend: LOAD s9[xpos], 48                          ; draw letter d
 2CE  01A50                 LOAD sA[ypos], 50
 2CF  20307                 CALL 307[moveto]
 2D0  01948                 LOAD s9[xpos], 48
 2D1  01A90                 LOAD sA[ypos], 90
 2D2  2030A                 CALL 30A[drawto]
 2D3  01928                 LOAD s9[xpos], 28
 2D4  01A90                 LOAD sA[ypos], 90
 2D5  2030A                 CALL 30A[drawto]
 2D6  01928                 LOAD s9[xpos], 28
 2D7  01A70                 LOAD sA[ypos], 70
 2D8  2030A                 CALL 30A[drawto]
 2D9  01948                 LOAD s9[xpos], 48
 2DA  01A70                 LOAD sA[ypos], 70
 2DB  2030A                 CALL 30A[drawto]
 2DC  01958                 LOAD s9[xpos], 58                          ; draw letter o
 2DD  01A70                 LOAD sA[ypos], 70
 2DE  20307                 CALL 307[moveto]
 2DF  01958                 LOAD s9[xpos], 58
 2E0  01A90                 LOAD sA[ypos], 90
 2E1  2030A                 CALL 30A[drawto]
 2E2  01978                 LOAD s9[xpos], 78
 2E3  01A90                 LOAD sA[ypos], 90
 2E4  2030A                 CALL 30A[drawto]
 2E5  01978                 LOAD s9[xpos], 78
 2E6  01A70                 LOAD sA[ypos], 70
 2E7  2030A                 CALL 30A[drawto]
 2E8  01958                 LOAD s9[xpos], 58
 2E9  01A70                 LOAD sA[ypos], 70
 2EA  2030A                 CALL 30A[drawto]
 2EB  01988                 LOAD s9[xpos], 88                          ; draw letter n
 2EC  01A90                 LOAD sA[ypos], 90
 2ED  20307                 CALL 307[moveto]
 2EE  01988                 LOAD s9[xpos], 88
 2EF  01A70                 LOAD sA[ypos], 70
 2F0  2030A                 CALL 30A[drawto]
 2F1  019A8                 LOAD s9[xpos], A8
 2F2  01A70                 LOAD sA[ypos], 70
 2F3  2030A                 CALL 30A[drawto]
 2F4  019A8                 LOAD s9[xpos], A8
 2F5  01A90                 LOAD sA[ypos], 90
 2F6  2030A                 CALL 30A[drawto]
 2F7  019D8                 LOAD s9[xpos], D8                          ; draw letter e
 2F8  01A90                 LOAD sA[ypos], 90
 2F9  20307                 CALL 307[moveto]
 2FA  019B8                 LOAD s9[xpos], B8
 2FB  01A90                 LOAD sA[ypos], 90
 2FC  2030A                 CALL 30A[drawto]
 2FD  019B8                 LOAD s9[xpos], B8
 2FE  01A70                 LOAD sA[ypos], 70
 2FF  2030A                 CALL 30A[drawto]
 300  019D8                 LOAD s9[xpos], D8
 301  01A70                 LOAD sA[ypos], 70
 302  2030A                 CALL 30A[drawto]
 303  019B8                 LOAD s9[xpos], B8
 304  01A90                 LOAD sA[ypos], 90
 305  2030A                 CALL 30A[drawto]
 306  25000                 RETURN 
 307                        ;;============================================================================
 307                        ;; Subroutine: moveto and drawto
 307                        ;; The moveto routine uses the global variables xpos and ypos, and the drawto
 307                        ;; routine uses these global variables as well as the endpoint coordinates in
 307                        ;; the display controller.  Moveto simply copies xpos and ypos into endpoint
 307                        ;; coordinates in the display controller, it does not draw anything.  The
 307                        ;; drawto routine copies endpoint coordinates to startpoint coordinates (does
 307                        ;; not matter if the endpoint was from an actual draw, or simply an update
 307                        ;; by moveto) and then copies xpos and ypos into endpoint coordinates, then
 307                        ;; starts a linedraw.
 307                        ;;============================================================================
 307  2D902         moveto: OUTPUT s9[xpos], 02[endx]                  ; copy global to hardware
 308  2DA03                 OUTPUT sA[ypos], 03[endy]                  ; copy global to hardware
 309  25000                 RETURN                                     ; return
 30A  09F02         drawto: INPUT sF[scratch], 02[endx]                ; read hardware
 30B  2DF00                 OUTPUT sF[scratch], 00[stax]               ; write hardware
 30C  2D902                 OUTPUT s9[xpos], 02[endx]                  ; copy global to hardware
 30D  09F03                 INPUT sF[scratch], 03[endy]                ; read hardware
 30E  2DF01                 OUTPUT sF[scratch], 01[stay]               ; write hardware
 30F  2DA03                 OUTPUT sA[ypos], 03[endy]                  ; copy global to hardware
 310  01F01                 LOAD sF[scratch], 01[busy_go]              ; prepare the command
 311  2DF04                 OUTPUT sF[scratch], 04[busy]               ; send the command
 312  20012                 CALL 012[hw_init_wait]                     ; wait line draw done
 313  25000                 RETURN                                     ; return
 314                        ;;============================================================================
 314                        ;; Interrupt - Vector.
 314                        ;;============================================================================
 7FF                        ADDRESS 7FF                                ; must be located here
 7FF  22004     isr_vector: JUMP 004[isr]                              ; always jump to isr
 800                        ;;============================================================================
 800                        ;;
 800                        ;;============================================================================



List of PSM files that have been assembled

C:\Users\daime\OneDrive\Documents\School\Semester 9\EE 178\SpaceInvaders\FPGA_Space_Invaders\software\software.psm



List of defined constants

 CONSTANT name     Value        Source PSM File

 timestamp_hours   23'd         
 timestamp_minutes 07'd         
 timestamp_seconds 02'd         
 datestamp_year    16'd         
 datestamp_month   12'd         
 datestamp_day     09'd         
 NUL               00           
 BEL               07           
 BS                08           
 HT                09           
 LF                0A           
 VT                0B           
 CR                0D           
 ESC               1B           
 DEL               7F           
 DCS               90           
 ST                9C           
 stax              00           software.psm
 stay              01           software.psm
 endx              02           software.psm
 endy              03           software.psm
 busy              04           software.psm
 beam              05           software.psm
 mode              06           software.psm
 prng              07           software.psm
 leds_lo           08           software.psm
 leds_hi           09           software.psm
 qssd_lo           0A           software.psm
 qssd_hi           0B           software.psm
 qssd_dp           0C           software.psm
 switches_lo       0D           software.psm
 switches_hi       0E           software.psm
 buttons           0F           software.psm
 busy_go           01           software.psm
 beam_hi           0F           software.psm
 beam_md           07           software.psm
 beam_lo           03           software.psm
 mode_hld          00           software.psm
 mode_clr          01           software.psm
 mode_lin          02           software.psm
 mode_exp          03           software.psm
 buttons_ct        10           software.psm
 buttons_up        08           software.psm
 buttons_dn        04           software.psm
 buttons_lf        02           software.psm
 buttons_rt        01           software.psm
 gs_major_attrone  00           software.psm
 gs_major_attrtwo  01           software.psm
 gs_major_playing  02           software.psm
 gs_major_gameend  03           software.psm
 gs_minor_begins   00           software.psm
 gs_minor_twosec   78           software.psm
 gs_minor_onesec   3C           software.psm
 gs_minor_getrdy   1E           software.psm
 gs_ball_xdim      08           software.psm
 gs_ball_ydim      08           software.psm
 gs_ball_speed     03           software.psm
 gs_padly          D0           software.psm
 gs_padl_xdim      20           software.psm
 gs_padl_ydim      08           software.psm
 gs_padl_speed     04           software.psm
 minusone          FF           software.psm
 minusmax          80           software.psm
 plusmax           7F           software.psm
 zero              00           software.psm
 one               01           software.psm



No TABLEs defined



List of text strings

 STRING name       String         Source PSM File

 KCPSM6_version$   "v2.51"        
 datestamp$        "09 Dec 2016"  
 timestamp$        "23:07:02"     



List of line labels

   Label           Addr  Source PSM File

 * boot            000   software.psm
   main            003   software.psm
   isr             004   software.psm
   hw_init         008   software.psm
   hw_init_wait    012   software.psm
   gs_init         016   software.psm
   user_input      01E   software.psm
   ram_example     023   software.psm
   calc_next_gs    02A   software.psm
   calc_attrone    033   software.psm
   calc_attrtwo    039   software.psm
   calc_playing    03F   software.psm
 * getrdy          042   software.psm
   goplay          044   software.psm
   upd_padl        049   software.psm
   upd_padl_lt     053   software.psm
   upd_padl_rt     057   software.psm
   upd_ball        05E   software.psm
   upd_ball_loop   05F   software.psm
 * upd_ball_step   061   software.psm
 * upd_ball_padl   063   software.psm
   upd_ball_lw     070   software.psm
   upd_ball_tw     073   software.psm
   upd_ball_rw     076   software.psm
   upd_ball_bw     07B   software.psm
   upd_ball_done   081   software.psm
   calc_gameend    082   software.psm
   goto_attrone    086   software.psm
   goto_attrtwo    089   software.psm
   goto_playing    08C   software.psm
 * balldxsta       09B   software.psm
 * balldxneg       09E   software.psm
   balldxpos       0A0   software.psm
   balldysta       0A1   software.psm
 * balldyneg       0A4   software.psm
   balldypos       0A6   software.psm
   ballddone       0A7   software.psm
   goto_gameend    0A8   software.psm
   draw_gs         0AB   software.psm
   draw_gs_debug   0B5   software.psm
   draw_attrone    0B8   software.psm
   draw_attrtwo    16D   software.psm
   draw_playing    2A6   software.psm
   draw_gameend    2CD   software.psm
   moveto          307   software.psm
   drawto          30A   software.psm
 * isr_vector      7FF   software.psm

      * Line label has not been referenced in any instructions.
        Hint - This may indicate unused code that could be
               removed to reduce the size of this program.



Instruction usage statistics

 Instruction    Instances

 LOAD            426
 STAR              -

 AND               -
 OR                -
 XOR               1

 ADD              22
 ADDCY             1
 SUB               6
 SUBCY             1

 TEST              7
 TESTCY            -
 COMPARE          23
 COMPARECY         1

 SL0               -
 SL1               -
 SLX               -
 SLA               -
 RL                -
 SR0               -
 SR1               -
 SRX               5
 SRA               -
 RR                -

 REGBANK           -

 INPUT            10
 OUTPUT           18
 OUTPUTK           -

 STORE             1
 FETCH             1

 DISABLE           -
 ENABLE            1
 RETURNI           1

 JUMP             30
 JUMP@             -
 CALL            205
 CALL@             -
 RETURN           29
 LOAD&RETURN       -

 HWBUILD           -



End of KCPSM6 log file.
