Vivado Simulator 2016.2
Copyright 1986-1999, 2001-2016 Xilinx, Inc. All Rights Reserved.
Running: C:/Xilinx/Vivado/2016.2/bin/unwrapped/win64.o/xelab.exe -wto a7af9870b57543f892d7c8259e4c90c9 --debug typical --relax --mt 2 -L xil_defaultlib -L xpm -L blk_mem_gen_v8_3_4 -L unisims_ver -L unimacro_ver -L secureip --snapshot testbench_behav xil_defaultlib.testbench xil_defaultlib.glbl -log elaborate.log 
Using 2 slave threads.
Starting static elaboration
WARNING: [VRFC 10-1783] select index 30 into current_contents is out of bounds [C:/Users/daime/OneDrive/Documents/School/Semester 9/EE 178/SpaceInvaders/FPGA_Space_Invaders/FPGA_Space_Invaders.ip_user_files/ipstatic/simulation/blk_mem_gen_v8_3.v:2414]
WARNING: [VRFC 10-1783] select index 62 into current_contents is out of bounds [C:/Users/daime/OneDrive/Documents/School/Semester 9/EE 178/SpaceInvaders/FPGA_Space_Invaders/FPGA_Space_Invaders.ip_user_files/ipstatic/simulation/blk_mem_gen_v8_3.v:2415]
Completed static elaboration
Starting simulation data flow analysis
Completed simulation data flow analysis
Time Resolution for simulation is 1ps
Compiling module unisims_ver.IBUF
Compiling module unisims_ver.MMCME2_ADV(BANDWIDTH="OPTIMIZED"...
Compiling module unisims_ver.MMCME2_BASE(CLKFBOUT_MULT_F=10.0...
Compiling module unisims_ver.BUFH
Compiling module unisims_ver.BUFGCE_default
Compiling module unisims_ver.ODDR
Compiling module xil_defaultlib.vga_timing
Compiling module blk_mem_gen_v8_3_4.blk_mem_gen_v8_3_4_output_stage(...
Compiling module blk_mem_gen_v8_3_4.blk_mem_gen_v8_3_4_output_stage(...
Compiling module blk_mem_gen_v8_3_4.blk_mem_gen_v8_3_4_softecc_outpu...
Compiling module blk_mem_gen_v8_3_4.blk_mem_gen_v8_3_4_mem_module(C_...
Compiling module blk_mem_gen_v8_3_4.blk_mem_gen_v8_3_4(C_FAMILY="art...
Compiling module xil_defaultlib.framebuffer
Compiling module xil_defaultlib.linedraw
Compiling module xil_defaultlib.vga_example
Compiling module xil_defaultlib.quad_seven_seg
Compiling module unisims_ver.LUT6_2(INIT=64'b1111111111111111...
Compiling module unisims_ver.sffsrce_fdre
Compiling module unisims_ver.FDRE(INIT=1'b0)
Compiling module unisims_ver.FD
Compiling module unisims_ver.LUT6_2(INIT=64'b0100000110000000...
Compiling module unisims_ver.LUT6_2(INIT=64'b0100000000000000...
Compiling module unisims_ver.LUT6
Compiling module unisims_ver.LUT6_2(INIT=64'b1100110000110011...
Compiling module unisims_ver.LUT6_2(INIT=64'b0111011101110111...
Compiling module unisims_ver.LUT6_2(INIT=64'b0111100000000000...
Compiling module unisims_ver.LUT6_2(INIT=64'b1111111111111111...
Compiling module unisims_ver.LUT6_2(INIT=64'b0111100101000000...
Compiling module unisims_ver.LUT6_2(INIT=64'b0111011100001000...
Compiling module unisims_ver.LUT6_2(INIT=64'b1101000000000000...
Compiling module unisims_ver.LUT6_2(INIT=64'b0100111111001111...
Compiling module unisims_ver.LUT6_2(INIT=64'b1100000011001100...
Compiling module unisims_ver.FDR
Compiling module unisims_ver.LUT6_2(INIT=64'b1000000000000000...
Compiling module unisims_ver.LUT6_2(INIT=64'b0100000000000000...
Compiling module unisims_ver.XORCY
Compiling module unisims_ver.LUT6_2(INIT=64'b0100001110111100...
Compiling module unisims_ver.MUXCY
Compiling module unisims_ver.LUT6_2(INIT=64'b0110011001100111...
Compiling module unisims_ver.FDRE
Compiling module unisims_ver.LUT6_2(INIT=64'b1010001010000000...
Compiling module unisims_ver.LUT6_2(INIT=64'b01)
Compiling module unisims_ver.LUT6_2(INIT=64'b0110100000000000...
Compiling module unisims_ver.LUT6_2(INIT=64'b1111111100000000...
Compiling module unisims_ver.RAM32M
Compiling module unisims_ver.LUT6_2(INIT=64'b0101010010100110...
Compiling module unisims_ver.LUT6_2(INIT=64'b0101010001001010...
Compiling module unisims_ver.LUT6_2(INIT=64'b0110100101101001...
Compiling module unisims_ver.RAM256X1S
Compiling module xil_defaultlib.kcpsm6_default
Compiling module unisims_ver.RB36_INTERNAL_VLOG(DOA_REG=0,DOB...
Compiling module unisims_ver.RAMB36E1(INITP_00=256'b011010100...
Compiling module xil_defaultlib.software
Compiling module xil_defaultlib.project
Compiling module xil_defaultlib.tiff_writer
Compiling module xil_defaultlib.testbench
Compiling module xil_defaultlib.glbl
Built simulation snapshot testbench_behav
